[ 2016-06-14T08:36:43+08:00 ] 127.0.0.1 /
INFO: [ app_init ] --START--
INFO: Run Behavior\BuildLiteBehavior [ RunTime:0.000020s ]
INFO: [ app_init ] --END-- [ RunTime:0.000702s ]
INFO: [ app_begin ] --START--
INFO: Run Behavior\ReadHtmlCacheBehavior [ RunTime:0.000764s ]
INFO: [ app_begin ] --END-- [ RunTime:0.000834s ]
INFO: [ view_parse ] --START--
INFO: [ template_filter ] --START--
INFO: Run Behavior\ContentReplaceBehavior [ RunTime:0.000182s ]
INFO: [ template_filter ] --END-- [ RunTime:0.000262s ]
NOTIC: [8] A session had already been started - ignoring session_start() E:\Git\fruits\vegetable\Application\Home\View\Public\header.html 第 9 行.
NOTIC: [8] A session had already been started - ignoring session_start() E:\Git\fruits\vegetable\Application\Home\View\Public\header.html 第 45 行.
INFO: Run Behavior\ParseTemplateBehavior [ RunTime:0.063121s ]
INFO: [ view_parse ] --END-- [ RunTime:0.063193s ]
INFO: [ view_filter ] --START--
INFO: Run Behavior\WriteHtmlCacheBehavior [ RunTime:0.000425s ]
INFO: [ view_filter ] --END-- [ RunTime:0.000476s ]
INFO: [ app_end ] --START--
INFO: Run Behavior\ShowPageTraceBehavior [ RunTime:0.000800s ]
INFO: [ app_end ] --END-- [ RunTime:0.000855s ]

[ 2016-06-14T08:36:47+08:00 ] 127.0.0.1 /index.php/Home/Fruits/index
INFO: [ app_init ] --START--
INFO: Run Behavior\BuildLiteBehavior [ RunTime:0.000012s ]
INFO: [ app_init ] --END-- [ RunTime:0.000342s ]
INFO: [ app_begin ] --START--
INFO: Run Behavior\ReadHtmlCacheBehavior [ RunTime:0.000410s ]
INFO: [ app_begin ] --END-- [ RunTime:0.000451s ]
SQL: SHOW COLUMNS FROM `shop` [ RunTime:0.0037s ]
SQL: SELECT * FROM `shop`  [ RunTime:0.0003s ]
SQL: SELECT * FROM `shop` LIMIT 5   [ RunTime:0.0003s ]
INFO: [ view_parse ] --START--
INFO: [ template_filter ] --START--
INFO: Run Behavior\ContentReplaceBehavior [ RunTime:0.000131s ]
INFO: [ template_filter ] --END-- [ RunTime:0.000204s ]
NOTIC: [8] A session had already been started - ignoring session_start() E:\Git\fruits\vegetable\Application\Home\View\Public\header.html 第 9 行.
NOTIC: [8] A session had already been started - ignoring session_start() E:\Git\fruits\vegetable\Application\Home\View\Public\header.html 第 45 行.
INFO: Run Behavior\ParseTemplateBehavior [ RunTime:0.006955s ]
INFO: [ view_parse ] --END-- [ RunTime:0.007002s ]
INFO: [ view_filter ] --START--
INFO: Run Behavior\WriteHtmlCacheBehavior [ RunTime:0.000201s ]
INFO: [ view_filter ] --END-- [ RunTime:0.000230s ]
INFO: [ app_end ] --START--
INFO: Run Behavior\ShowPageTraceBehavior [ RunTime:0.000650s ]
INFO: [ app_end ] --END-- [ RunTime:0.000693s ]

[ 2016-06-14T08:36:49+08:00 ] 127.0.0.1 /index.php/Home/Xiangqing/index?sid=1
INFO: [ app_init ] --START--
INFO: Run Behavior\BuildLiteBehavior [ RunTime:0.000012s ]
INFO: [ app_init ] --END-- [ RunTime:0.000331s ]
INFO: [ app_begin ] --START--
INFO: Run Behavior\ReadHtmlCacheBehavior [ RunTime:0.000429s ]
INFO: [ app_begin ] --END-- [ RunTime:0.000468s ]
SQL: SHOW COLUMNS FROM `shop` [ RunTime:0.0035s ]
SQL: SELECT * FROM `shop` WHERE ( sid= 1 ) LIMIT 1   [ RunTime:0.0003s ]
SQL: SELECT * FROM `shop` LIMIT 5   [ RunTime:0.0002s ]
INFO: [ view_parse ] --START--
INFO: [ template_filter ] --START--
INFO: Run Behavior\ContentReplaceBehavior [ RunTime:0.000101s ]
INFO: [ template_filter ] --END-- [ RunTime:0.000146s ]
NOTIC: [8] A session had already been started - ignoring session_start() E:\Git\fruits\vegetable\Application\Home\View\Public\header.html 第 9 行.
NOTIC: [8] A session had already been started - ignoring session_start() E:\Git\fruits\vegetable\Application\Home\View\Public\header.html 第 45 行.
INFO: Run Behavior\ParseTemplateBehavior [ RunTime:0.009559s ]
INFO: [ view_parse ] --END-- [ RunTime:0.009640s ]
INFO: [ view_filter ] --START--
INFO: Run Behavior\WriteHtmlCacheBehavior [ RunTime:0.000272s ]
INFO: [ view_filter ] --END-- [ RunTime:0.000303s ]
INFO: [ app_end ] --START--
INFO: Run Behavior\ShowPageTraceBehavior [ RunTime:0.000722s ]
INFO: [ app_end ] --END-- [ RunTime:0.000780s ]

